<?xml version="1.0" encoding="UTF-8"?>
<!-- Generated by org.testng.reporters.JUnitXMLReporter -->
<testsuite ignored="10" hostname="IN-4ZY72J3" failures="1" tests="21" name="Test" time="247.044" errors="0" timestamp="2022-07-14T22:38:31 IST">
  <testcase classname="com.Flipkart_selenium_tests.Home_test" name="Logo" time="0.234"/>
  <testcase classname="com.Flipkart_selenium_tests.Home_test" name="ship" time="23.117">
    <failure type="org.openqa.selenium.StaleElementReferenceException" message="stale element reference: element is not attached to the page document
  (Session info: chrome=103.0.5060.114)
For documentation on this error, please visit: https://selenium.dev/exceptions/#stale_element_reference
Build info: version: &amp;apos;4.1.2&amp;apos;, revision: &amp;apos;9a5a329c5a&amp;apos;
System info: host: &amp;apos;IN-4ZY72J3&amp;apos;, ip: &amp;apos;192.168.0.195&amp;apos;, os.name: &amp;apos;Windows 10&amp;apos;, os.arch: &amp;apos;amd64&amp;apos;, os.version: &amp;apos;10.0&amp;apos;, java.version: &amp;apos;11.0.5&amp;apos;
Driver info: org.openqa.selenium.chrome.ChromeDriver
Command: [3c1ef4c27a4107f3b57fa19afe4ea3b3, clickElement {id=b5c75cbf-05cf-4e5b-8141-d937ff17299b}]
Capabilities {acceptInsecureCerts: false, browserName: chrome, browserVersion: 103.0.5060.114, chrome: {chromedriverVersion: 103.0.5060.53 (a1711811edd7..., userDataDir: C:\Users\nishant\AppData\Lo...}, goog:chromeOptions: {debuggerAddress: localhost:51113}, javascriptEnabled: true, networkConnectionEnabled: false, pageLoadStrategy: normal, platform: WINDOWS, platformName: WINDOWS, proxy: Proxy(), se:cdp: ws://localhost:51113/devtoo..., se:cdpVersion: 103.0.5060.114, setWindowRect: true, strictFileInteractability: false, timeouts: {implicit: 0, pageLoad: 300000, script: 30000}, unhandledPromptBehavior: dismiss and notify, webauthn:extension:credBlob: true, webauthn:extension:largeBlob: true, webauthn:virtualAuthenticators: true}
Element: [[ChromeDriver: chrome on WINDOWS (3c1ef4c27a4107f3b57fa19afe4ea3b3)] -&amp;gt; xpath: //a[normalize-space()=&amp;apos;Shipping&amp;apos;]]
Session ID: 3c1ef4c27a4107f3b57fa19afe4ea3b3">
      <![CDATA[org.openqa.selenium.StaleElementReferenceException: stale element reference: element is not attached to the page document
  (Session info: chrome=103.0.5060.114)
For documentation on this error, please visit: https://selenium.dev/exceptions/#stale_element_reference
Build info: version: '4.1.2', revision: '9a5a329c5a'
System info: host: 'IN-4ZY72J3', ip: '192.168.0.195', os.name: 'Windows 10', os.arch: 'amd64', os.version: '10.0', java.version: '11.0.5'
Driver info: org.openqa.selenium.chrome.ChromeDriver
Command: [3c1ef4c27a4107f3b57fa19afe4ea3b3, clickElement {id=b5c75cbf-05cf-4e5b-8141-d937ff17299b}]
Capabilities {acceptInsecureCerts: false, browserName: chrome, browserVersion: 103.0.5060.114, chrome: {chromedriverVersion: 103.0.5060.53 (a1711811edd7..., userDataDir: C:\Users\nishant\AppData\Lo...}, goog:chromeOptions: {debuggerAddress: localhost:51113}, javascriptEnabled: true, networkConnectionEnabled: false, pageLoadStrategy: normal, platform: WINDOWS, platformName: WINDOWS, proxy: Proxy(), se:cdp: ws://localhost:51113/devtoo..., se:cdpVersion: 103.0.5060.114, setWindowRect: true, strictFileInteractability: false, timeouts: {implicit: 0, pageLoad: 300000, script: 30000}, unhandledPromptBehavior: dismiss and notify, webauthn:extension:credBlob: true, webauthn:extension:largeBlob: true, webauthn:virtualAuthenticators: true}
Element: [[ChromeDriver: chrome on WINDOWS (3c1ef4c27a4107f3b57fa19afe4ea3b3)] -> xpath: //a[normalize-space()='Shipping']]
Session ID: 3c1ef4c27a4107f3b57fa19afe4ea3b3
at org.openqa.selenium.remote.codec.w3c.W3CHttpResponseCodec.createException(W3CHttpResponseCodec.java:200)
at org.openqa.selenium.remote.codec.w3c.W3CHttpResponseCodec.decode(W3CHttpResponseCodec.java:133)
at org.openqa.selenium.remote.codec.w3c.W3CHttpResponseCodec.decode(W3CHttpResponseCodec.java:53)
at org.openqa.selenium.remote.HttpCommandExecutor.execute(HttpCommandExecutor.java:184)
at org.openqa.selenium.remote.service.DriverCommandExecutor.invokeExecute(DriverCommandExecutor.java:167)
at org.openqa.selenium.remote.service.DriverCommandExecutor.execute(DriverCommandExecutor.java:142)
at org.openqa.selenium.remote.RemoteWebDriver.execute(RemoteWebDriver.java:558)
at org.openqa.selenium.remote.RemoteWebElement.execute(RemoteWebElement.java:251)
at org.openqa.selenium.remote.RemoteWebElement.click(RemoteWebElement.java:77)
at org.openqa.selenium.support.pagefactory.internal.LocatingElementHandler.invoke(LocatingElementHandler.java:52)
at com.sun.proxy.$Proxy19.click(Unknown Source)
at com.Flipkart_selenium_pages.Home_page.ship(Home_page.java:76)
at com.Flipkart_selenium_tests.Home_test.ship(Home_test.java:72)
at java.base/java.util.ArrayList.forEach(ArrayList.java:1540)
... Removed 35 stack frames]]>
    </failure>
  </testcase> <!-- ship -->
  <testcase classname="com.Flipkart_selenium_tests.Home_test" name="cross_login_box" time="0.11"/>
  <testcase classname="com.Flipkart_selenium_tests.Home_test" name="search" time="0.851"/>
  <testcase classname="com.Flipkart_selenium_tests.Home_test" name="sort_by_popularity" time="4.306"/>
  <testcase classname="com.Flipkart_selenium_tests.Home_test" name="wholesale" time="3.773"/>
  <testcase classname="com.Flipkart_selenium_tests.Home_test" name="Seller_Register" time="5.75"/>
  <testcase classname="com.Flipkart_selenium_tests.Home_test" name="Cart" time="6.428"/>
  <testcase classname="com.Flipkart_selenium_tests.Home_test" name="Payment" time="5.573"/>
  <testcase classname="com.Flipkart_selenium_tests.MoreOptions_test" name="NotificationPreference" time="4.512"/>
  <testcase classname="com.Flipkart_selenium_tests.MoreOptions_test" name="customercare" time="4.562"/>
  <testcase classname="com.Flipkart_selenium_tests.Account_test" name="Wishlist" time="8.671"/>
  <testcase classname="com.Flipkart_selenium_tests.Account_test" name="Mychats" time="9.524"/>
  <testcase classname="com.Flipkart_selenium_tests.Account_test" name="MobileButton" time="6.372"/>
  <testcase classname="com.Flipkart_selenium_tests.Account_test" name="SuperCoin" time="11.881"/>
  <testcase classname="com.Flipkart_selenium_tests.Account_test" name="Grocery" time="6.905"/>
  <testcase classname="com.Flipkart_selenium_tests.Flights_test" name="FlightTravel" time="5.313"/>
  <testcase classname="com.Flipkart_selenium_tests.Login_test" name="Login" time="3.439"/>
  <testcase classname="com.Flipkart_selenium_tests.Login_test" name="Invalid_Login" time="2.226"/>
  <testcase classname="com.Flipkart_selenium_tests.Login_test" name="Otp_Login_button" time="2.153"/>
  <testcase classname="com.Flipkart_selenium_tests.Login_test" name="Logout" time="4.635"/>
  <testcase classname="com.Flipkart_selenium_tests.Base_Test" name="@AfterSuite endReport" time="0.0">
    <ignored/>
  </testcase> <!-- @AfterSuite endReport -->
  <testcase classname="com.Flipkart_selenium_tests.Base_Test" name="@AfterSuite endReport" time="0.0">
    <ignored/>
  </testcase> <!-- @AfterSuite endReport -->
  <testcase classname="com.Flipkart_selenium_tests.Base_Test" name="@AfterSuite endReport" time="0.0">
    <ignored/>
  </testcase> <!-- @AfterSuite endReport -->
  <testcase classname="com.Flipkart_selenium_tests.Base_Test" name="@AfterSuite endReport" time="0.0">
    <ignored/>
  </testcase> <!-- @AfterSuite endReport -->
  <testcase classname="com.Flipkart_selenium_tests.Base_Test" name="@AfterSuite endReport" time="0.0">
    <ignored/>
  </testcase> <!-- @AfterSuite endReport -->
  <testcase classname="com.Flipkart_selenium_tests.Base_Test" name="@BeforeSuite setExtent" time="0.0">
    <ignored/>
  </testcase> <!-- @BeforeSuite setExtent -->
  <testcase classname="com.Flipkart_selenium_tests.Base_Test" name="@BeforeSuite setExtent" time="0.0">
    <ignored/>
  </testcase> <!-- @BeforeSuite setExtent -->
  <testcase classname="com.Flipkart_selenium_tests.Base_Test" name="@BeforeSuite setExtent" time="0.0">
    <ignored/>
  </testcase> <!-- @BeforeSuite setExtent -->
  <testcase classname="com.Flipkart_selenium_tests.Base_Test" name="@BeforeSuite setExtent" time="0.0">
    <ignored/>
  </testcase> <!-- @BeforeSuite setExtent -->
  <testcase classname="com.Flipkart_selenium_tests.Base_Test" name="@BeforeSuite setExtent" time="0.0">
    <ignored/>
  </testcase> <!-- @BeforeSuite setExtent -->
</testsuite> <!-- Test -->
