<html>
<head>
<title>TestNG:  Test</title>
<link href="../testng.css" rel="stylesheet" type="text/css" />
<link href="../my-testng.css" rel="stylesheet" type="text/css" />

<style type="text/css">
.log { display: none;} 
.stack-trace { display: none;} 
</style>
<script type="text/javascript">
<!--
function flip(e) {
  current = e.style.display;
  if (current == 'block') {
    e.style.display = 'none';
    return 0;
  }
  else {
    e.style.display = 'block';
    return 1;
  }
}

function toggleBox(szDivId, elem, msg1, msg2)
{
  var res = -1;  if (document.getElementById) {
    res = flip(document.getElementById(szDivId));
  }
  else if (document.all) {
    // this is the way old msie versions work
    res = flip(document.all[szDivId]);
  }
  if(elem) {
    if(res == 0) elem.innerHTML = msg1; else elem.innerHTML = msg2;
  }

}

function toggleAllBoxes() {
  if (document.getElementsByTagName) {
    d = document.getElementsByTagName('div');
    for (i = 0; i < d.length; i++) {
      if (d[i].className == 'log') {
        flip(d[i]);
      }
    }
  }
}

// -->
</script>

</head>
<body>
<h2 align='center'>Test</h2><table border='1' align="center">
<tr>
<td>Tests passed/Failed/Skipped:</td><td>20/1/0</td>
</tr><tr>
<td>Started on:</td><td>Thu Jul 14 22:34:24 IST 2022</td>
</tr>
<tr><td>Total time:</td><td>247 seconds (247044 ms)</td>
</tr><tr>
<td>Included groups:</td><td></td>
</tr><tr>
<td>Excluded groups:</td><td></td>
</tr>
</table><p/>
<small><i>(Hover the method name to see the test class name)</i></small><p/>
<table width='100%' border='1' class='invocation-failed'>
<tr><td colspan='4' align='center'><b>FAILED TESTS</b></td></tr>
<tr><td><b>Test method</b></td>
<td width="30%"><b>Exception</b></td>
<td width="10%"><b>Time (seconds)</b></td>
<td><b>Instance</b></td>
</tr>
<tr>
<td title='com.Flipkart_selenium_tests.Home_test.ship()'><b>ship</b><br>Test class: com.Flipkart_selenium_tests.Home_test</td>
<td><div><pre>org.openqa.selenium.StaleElementReferenceException: stale element reference: element is not attached to the page document
  (Session info: chrome=103.0.5060.114)
For documentation on this error, please visit: https://selenium.dev/exceptions/#stale_element_reference
Build info: version: &apos;4.1.2&apos;, revision: &apos;9a5a329c5a&apos;
System info: host: &apos;IN-4ZY72J3&apos;, ip: &apos;192.168.0.195&apos;, os.name: &apos;Windows 10&apos;, os.arch: &apos;amd64&apos;, os.version: &apos;10.0&apos;, java.version: &apos;11.0.5&apos;
Driver info: org.openqa.selenium.chrome.ChromeDriver
Command: [3c1ef4c27a4107f3b57fa19afe4ea3b3, clickElement {id=b5c75cbf-05cf-4e5b-8141-d937ff17299b}]
Capabilities {acceptInsecureCerts: false, browserName: chrome, browserVersion: 103.0.5060.114, chrome: {chromedriverVersion: 103.0.5060.53 (a1711811edd7..., userDataDir: C:\Users\nishant\AppData\Lo...}, goog:chromeOptions: {debuggerAddress: localhost:51113}, javascriptEnabled: true, networkConnectionEnabled: false, pageLoadStrategy: normal, platform: WINDOWS, platformName: WINDOWS, proxy: Proxy(), se:cdp: ws://localhost:51113/devtoo..., se:cdpVersion: 103.0.5060.114, setWindowRect: true, strictFileInteractability: false, timeouts: {implicit: 0, pageLoad: 300000, script: 30000}, unhandledPromptBehavior: dismiss and notify, webauthn:extension:credBlob: true, webauthn:extension:largeBlob: true, webauthn:virtualAuthenticators: true}
Element: [[ChromeDriver: chrome on WINDOWS (3c1ef4c27a4107f3b57fa19afe4ea3b3)] -&gt; xpath: //a[normalize-space()=&apos;Shipping&apos;]]
Session ID: 3c1ef4c27a4107f3b57fa19afe4ea3b3
	at org.openqa.selenium.remote.codec.w3c.W3CHttpResponseCodec.createException(W3CHttpResponseCodec.java:200)
	at org.openqa.selenium.remote.codec.w3c.W3CHttpResponseCodec.decode(W3CHttpResponseCodec.java:133)
	at org.openqa.selenium.remote.codec.w3c.W3CHttpResponseCodec.decode(W3CHttpResponseCodec.java:53)
	at org.openqa.selenium.remote.HttpCommandExecutor.execute(HttpCommandExecutor.java:184)
	at org.openqa.selenium.remote.service.DriverCommandExecutor.invokeExecute(DriverCommandExecutor.java:167)
	at org.openqa.selenium.remote.service.DriverCommandExecutor.execute(DriverCommandExecutor.java:142)
	at org.openqa.selenium.remote.RemoteWebDriver.execute(RemoteWebDriver.java:558)
	at org.openqa.selenium.remote.RemoteWebElement.execute(RemoteWebElement.java:251)
	at org.openqa.selenium.remote.RemoteWebElement.click(RemoteWebElement.java:77)
	at org.openqa.selenium.support.pagefactory.internal.LocatingElementHandler.invoke(LocatingElementHandler.java:52)
	at com.sun.proxy.$Proxy19.click(Unknown Source)
	at com.Flipkart_selenium_pages.Home_page.ship(Home_page.java:76)
	at com.Flipkart_selenium_tests.Home_test.ship(Home_test.java:72)
	at java.base/java.util.ArrayList.forEach(ArrayList.java:1540)
... Removed 35 stack frames</pre></div><a href='#' onClick='toggleBox("stack-trace94500728", this, "Click to show all stack frames", "Click to hide stack frames")'>Click to show all stack frames</a>
<div class='stack-trace' id='stack-trace94500728'><pre>org.openqa.selenium.StaleElementReferenceException: stale element reference: element is not attached to the page document
  (Session info: chrome=103.0.5060.114)
For documentation on this error, please visit: https://selenium.dev/exceptions/#stale_element_reference
Build info: version: &apos;4.1.2&apos;, revision: &apos;9a5a329c5a&apos;
System info: host: &apos;IN-4ZY72J3&apos;, ip: &apos;192.168.0.195&apos;, os.name: &apos;Windows 10&apos;, os.arch: &apos;amd64&apos;, os.version: &apos;10.0&apos;, java.version: &apos;11.0.5&apos;
Driver info: org.openqa.selenium.chrome.ChromeDriver
Command: [3c1ef4c27a4107f3b57fa19afe4ea3b3, clickElement {id=b5c75cbf-05cf-4e5b-8141-d937ff17299b}]
Capabilities {acceptInsecureCerts: false, browserName: chrome, browserVersion: 103.0.5060.114, chrome: {chromedriverVersion: 103.0.5060.53 (a1711811edd7..., userDataDir: C:\Users\nishant\AppData\Lo...}, goog:chromeOptions: {debuggerAddress: localhost:51113}, javascriptEnabled: true, networkConnectionEnabled: false, pageLoadStrategy: normal, platform: WINDOWS, platformName: WINDOWS, proxy: Proxy(), se:cdp: ws://localhost:51113/devtoo..., se:cdpVersion: 103.0.5060.114, setWindowRect: true, strictFileInteractability: false, timeouts: {implicit: 0, pageLoad: 300000, script: 30000}, unhandledPromptBehavior: dismiss and notify, webauthn:extension:credBlob: true, webauthn:extension:largeBlob: true, webauthn:virtualAuthenticators: true}
Element: [[ChromeDriver: chrome on WINDOWS (3c1ef4c27a4107f3b57fa19afe4ea3b3)] -&gt; xpath: //a[normalize-space()=&apos;Shipping&apos;]]
Session ID: 3c1ef4c27a4107f3b57fa19afe4ea3b3
	at java.base/jdk.internal.reflect.NativeConstructorAccessorImpl.newInstance0(Native Method)
	at java.base/jdk.internal.reflect.NativeConstructorAccessorImpl.newInstance(NativeConstructorAccessorImpl.java:62)
	at java.base/jdk.internal.reflect.DelegatingConstructorAccessorImpl.newInstance(DelegatingConstructorAccessorImpl.java:45)
	at java.base/java.lang.reflect.Constructor.newInstance(Constructor.java:490)
	at org.openqa.selenium.remote.codec.w3c.W3CHttpResponseCodec.createException(W3CHttpResponseCodec.java:200)
	at org.openqa.selenium.remote.codec.w3c.W3CHttpResponseCodec.decode(W3CHttpResponseCodec.java:133)
	at org.openqa.selenium.remote.codec.w3c.W3CHttpResponseCodec.decode(W3CHttpResponseCodec.java:53)
	at org.openqa.selenium.remote.HttpCommandExecutor.execute(HttpCommandExecutor.java:184)
	at org.openqa.selenium.remote.service.DriverCommandExecutor.invokeExecute(DriverCommandExecutor.java:167)
	at org.openqa.selenium.remote.service.DriverCommandExecutor.execute(DriverCommandExecutor.java:142)
	at org.openqa.selenium.remote.RemoteWebDriver.execute(RemoteWebDriver.java:558)
	at org.openqa.selenium.remote.RemoteWebElement.execute(RemoteWebElement.java:251)
	at org.openqa.selenium.remote.RemoteWebElement.click(RemoteWebElement.java:77)
	at java.base/jdk.internal.reflect.NativeMethodAccessorImpl.invoke0(Native Method)
	at java.base/jdk.internal.reflect.NativeMethodAccessorImpl.invoke(NativeMethodAccessorImpl.java:62)
	at java.base/jdk.internal.reflect.DelegatingMethodAccessorImpl.invoke(DelegatingMethodAccessorImpl.java:43)
	at java.base/java.lang.reflect.Method.invoke(Method.java:566)
	at org.openqa.selenium.support.pagefactory.internal.LocatingElementHandler.invoke(LocatingElementHandler.java:52)
	at com.sun.proxy.$Proxy19.click(Unknown Source)
	at com.Flipkart_selenium_pages.Home_page.ship(Home_page.java:76)
	at com.Flipkart_selenium_tests.Home_test.ship(Home_test.java:72)
	at java.base/jdk.internal.reflect.NativeMethodAccessorImpl.invoke0(Native Method)
	at java.base/jdk.internal.reflect.NativeMethodAccessorImpl.invoke(NativeMethodAccessorImpl.java:62)
	at java.base/jdk.internal.reflect.DelegatingMethodAccessorImpl.invoke(DelegatingMethodAccessorImpl.java:43)
	at java.base/java.lang.reflect.Method.invoke(Method.java:566)
	at org.testng.internal.MethodInvocationHelper.invokeMethod(MethodInvocationHelper.java:133)
	at org.testng.internal.TestInvoker.invokeMethod(TestInvoker.java:598)
	at org.testng.internal.TestInvoker.invokeTestMethod(TestInvoker.java:173)
	at org.testng.internal.MethodRunner.runInSequence(MethodRunner.java:46)
	at org.testng.internal.TestInvoker$MethodInvocationAgent.invoke(TestInvoker.java:824)
	at org.testng.internal.TestInvoker.invokeTestMethods(TestInvoker.java:146)
	at org.testng.internal.TestMethodWorker.invokeTestMethods(TestMethodWorker.java:146)
	at org.testng.internal.TestMethodWorker.run(TestMethodWorker.java:128)
	at java.base/java.util.ArrayList.forEach(ArrayList.java:1540)
	at org.testng.TestRunner.privateRun(TestRunner.java:794)
	at org.testng.TestRunner.run(TestRunner.java:596)
	at org.testng.SuiteRunner.runTest(SuiteRunner.java:377)
	at org.testng.SuiteRunner.runSequentially(SuiteRunner.java:371)
	at org.testng.SuiteRunner.privateRun(SuiteRunner.java:332)
	at org.testng.SuiteRunner.run(SuiteRunner.java:276)
	at org.testng.SuiteRunnerWorker.runSuite(SuiteRunnerWorker.java:53)
	at org.testng.SuiteRunnerWorker.run(SuiteRunnerWorker.java:96)
	at org.testng.TestNG.runSuitesSequentially(TestNG.java:1212)
	at org.testng.TestNG.runSuitesLocally(TestNG.java:1134)
	at org.testng.TestNG.runSuites(TestNG.java:1063)
	at org.testng.TestNG.run(TestNG.java:1031)
	at org.testng.remote.AbstractRemoteTestNG.run(AbstractRemoteTestNG.java:115)
	at org.testng.remote.RemoteTestNG.initAndRun(RemoteTestNG.java:251)
	at org.testng.remote.RemoteTestNG.main(RemoteTestNG.java:77)
</pre></div></td>
<td>23</td>
<td>com.Flipkart_selenium_tests.Home_test@2ece4966</td></tr>
</table><p>
<table width='100%' border='1' class='invocation-passed'>
<tr><td colspan='4' align='center'><b>PASSED TESTS</b></td></tr>
<tr><td><b>Test method</b></td>
<td width="30%"><b>Exception</b></td>
<td width="10%"><b>Time (seconds)</b></td>
<td><b>Instance</b></td>
</tr>
<tr>
<td title='com.Flipkart_selenium_tests.Home_test.Payment()'><b>Payment</b><br>Test class: com.Flipkart_selenium_tests.Home_test</td>
<td></td>
<td>5</td>
<td>com.Flipkart_selenium_tests.Home_test@2ece4966</td></tr>
<tr>
<td title='com.Flipkart_selenium_tests.Account_test.SuperCoin()'><b>SuperCoin</b><br>Test class: com.Flipkart_selenium_tests.Account_test</td>
<td></td>
<td>11</td>
<td>com.Flipkart_selenium_tests.Account_test@4bff1903</td></tr>
<tr>
<td title='com.Flipkart_selenium_tests.Flights_test.FlightTravel()'><b>FlightTravel</b><br>Test class: com.Flipkart_selenium_tests.Flights_test</td>
<td></td>
<td>5</td>
<td>com.Flipkart_selenium_tests.Flights_test@62dae540</td></tr>
<tr>
<td title='com.Flipkart_selenium_tests.Home_test.search()'><b>search</b><br>Test class: com.Flipkart_selenium_tests.Home_test</td>
<td></td>
<td>0</td>
<td>com.Flipkart_selenium_tests.Home_test@2ece4966</td></tr>
<tr>
<td title='com.Flipkart_selenium_tests.Login_test.Otp_Login_button()'><b>Otp_Login_button</b><br>Test class: com.Flipkart_selenium_tests.Login_test</td>
<td></td>
<td>2</td>
<td>com.Flipkart_selenium_tests.Login_test@654d8173</td></tr>
<tr>
<td title='com.Flipkart_selenium_tests.Home_test.wholesale()'><b>wholesale</b><br>Test class: com.Flipkart_selenium_tests.Home_test</td>
<td></td>
<td>3</td>
<td>com.Flipkart_selenium_tests.Home_test@2ece4966</td></tr>
<tr>
<td title='com.Flipkart_selenium_tests.Home_test.Seller_Register()'><b>Seller_Register</b><br>Test class: com.Flipkart_selenium_tests.Home_test</td>
<td></td>
<td>5</td>
<td>com.Flipkart_selenium_tests.Home_test@2ece4966</td></tr>
<tr>
<td title='com.Flipkart_selenium_tests.Account_test.Wishlist()'><b>Wishlist</b><br>Test class: com.Flipkart_selenium_tests.Account_test</td>
<td></td>
<td>8</td>
<td>com.Flipkart_selenium_tests.Account_test@4bff1903</td></tr>
<tr>
<td title='com.Flipkart_selenium_tests.Home_test.sort_by_popularity()'><b>sort_by_popularity</b><br>Test class: com.Flipkart_selenium_tests.Home_test</td>
<td></td>
<td>4</td>
<td>com.Flipkart_selenium_tests.Home_test@2ece4966</td></tr>
<tr>
<td title='com.Flipkart_selenium_tests.Home_test.cross_login_box()'><b>cross_login_box</b><br>Test class: com.Flipkart_selenium_tests.Home_test</td>
<td></td>
<td>0</td>
<td>com.Flipkart_selenium_tests.Home_test@2ece4966</td></tr>
<tr>
<td title='com.Flipkart_selenium_tests.Login_test.Invalid_Login()'><b>Invalid_Login</b><br>Test class: com.Flipkart_selenium_tests.Login_test</td>
<td></td>
<td>2</td>
<td>com.Flipkart_selenium_tests.Login_test@654d8173</td></tr>
<tr>
<td title='com.Flipkart_selenium_tests.MoreOptions_test.customercare()'><b>customercare</b><br>Test class: com.Flipkart_selenium_tests.MoreOptions_test</td>
<td></td>
<td>4</td>
<td>com.Flipkart_selenium_tests.MoreOptions_test@207ea13</td></tr>
<tr>
<td title='com.Flipkart_selenium_tests.Login_test.Login()'><b>Login</b><br>Test class: com.Flipkart_selenium_tests.Login_test</td>
<td></td>
<td>3</td>
<td>com.Flipkart_selenium_tests.Login_test@654d8173</td></tr>
<tr>
<td title='com.Flipkart_selenium_tests.Account_test.MobileButton()'><b>MobileButton</b><br>Test class: com.Flipkart_selenium_tests.Account_test</td>
<td></td>
<td>6</td>
<td>com.Flipkart_selenium_tests.Account_test@4bff1903</td></tr>
<tr>
<td title='com.Flipkart_selenium_tests.Home_test.Logo()'><b>Logo</b><br>Test class: com.Flipkart_selenium_tests.Home_test</td>
<td></td>
<td>0</td>
<td>com.Flipkart_selenium_tests.Home_test@2ece4966</td></tr>
<tr>
<td title='com.Flipkart_selenium_tests.MoreOptions_test.NotificationPreference()'><b>NotificationPreference</b><br>Test class: com.Flipkart_selenium_tests.MoreOptions_test</td>
<td></td>
<td>4</td>
<td>com.Flipkart_selenium_tests.MoreOptions_test@207ea13</td></tr>
<tr>
<td title='com.Flipkart_selenium_tests.Home_test.Cart()'><b>Cart</b><br>Test class: com.Flipkart_selenium_tests.Home_test</td>
<td></td>
<td>6</td>
<td>com.Flipkart_selenium_tests.Home_test@2ece4966</td></tr>
<tr>
<td title='com.Flipkart_selenium_tests.Account_test.Grocery()'><b>Grocery</b><br>Test class: com.Flipkart_selenium_tests.Account_test</td>
<td></td>
<td>6</td>
<td>com.Flipkart_selenium_tests.Account_test@4bff1903</td></tr>
<tr>
<td title='com.Flipkart_selenium_tests.Account_test.Mychats()'><b>Mychats</b><br>Test class: com.Flipkart_selenium_tests.Account_test</td>
<td></td>
<td>9</td>
<td>com.Flipkart_selenium_tests.Account_test@4bff1903</td></tr>
<tr>
<td title='com.Flipkart_selenium_tests.Login_test.Logout()'><b>Logout</b><br>Test class: com.Flipkart_selenium_tests.Login_test</td>
<td></td>
<td>4</td>
<td>com.Flipkart_selenium_tests.Login_test@654d8173</td></tr>
</table><p>
</body>
</html>